Listening on 8000
Listening on 8000
Listening on 8000
Listening on 8000
[Mon Nov 09 2020 15:21:34 GMT+0900 (GMT+09:00)] Server Error { Error: listen EADDRINUSE: address already in use :::8000
    at Server.setupListenHandle [as _listen2] (net.js:1290:14)
    at listenInCluster (net.js:1338:12)
    at Server.listen (net.js:1425:7)
    at Object.<anonymous> (/home/vagrant/workspace/intro-curriculum-3012/index.js:16:8)
    at Module._compile (internal/modules/cjs/loader.js:689:30)
    at Object.Module._extensions..js (internal/modules/cjs/loader.js:700:10)
    at Module.load (internal/modules/cjs/loader.js:599:32)
    at tryModuleLoad (internal/modules/cjs/loader.js:538:12)
    at Function.Module._load (internal/modules/cjs/loader.js:530:3)
    at Function.Module.runMain (internal/modules/cjs/loader.js:742:12)
  code: 'EADDRINUSE',
  errno: 'EADDRINUSE',
  syscall: 'listen',
  address: '::',
  port: 8000 }
[Mon Nov 09 2020 15:23:35 GMT+0900 (GMT+09:00)] Server Error { Error: listen EADDRINUSE: address already in use :::8000
    at Server.setupListenHandle [as _listen2] (net.js:1290:14)
    at listenInCluster (net.js:1338:12)
    at Server.listen (net.js:1425:7)
    at Object.<anonymous> (/home/vagrant/workspace/intro-curriculum-3012/index.js:16:8)
    at Module._compile (internal/modules/cjs/loader.js:689:30)
    at Object.Module._extensions..js (internal/modules/cjs/loader.js:700:10)
    at Module.load (internal/modules/cjs/loader.js:599:32)
    at tryModuleLoad (internal/modules/cjs/loader.js:538:12)
    at Function.Module._load (internal/modules/cjs/loader.js:530:3)
    at Function.Module.runMain (internal/modules/cjs/loader.js:742:12)
  code: 'EADDRINUSE',
  errno: 'EADDRINUSE',
  syscall: 'listen',
  address: '::',
  port: 8000 }
Listening on 8000
[Mon Nov 09 2020 15:24:50 GMT+0900 (GMT+09:00)] Server Error { Error: listen EADDRINUSE: address already in use :::8000
    at Server.setupListenHandle [as _listen2] (net.js:1290:14)
    at listenInCluster (net.js:1338:12)
    at Server.listen (net.js:1425:7)
    at Object.<anonymous> (/home/vagrant/workspace/intro-curriculum-3012/index.js:16:8)
    at Module._compile (internal/modules/cjs/loader.js:689:30)
    at Object.Module._extensions..js (internal/modules/cjs/loader.js:700:10)
    at Module.load (internal/modules/cjs/loader.js:599:32)
    at tryModuleLoad (internal/modules/cjs/loader.js:538:12)
    at Function.Module._load (internal/modules/cjs/loader.js:530:3)
    at Function.Module.runMain (internal/modules/cjs/loader.js:742:12)
  code: 'EADDRINUSE',
  errno: 'EADDRINUSE',
  syscall: 'listen',
  address: '::',
  port: 8000 }
Listening on 8000
Listening on 8000
Listening on 8000
[Mon Nov 09 2020 17:37:22 GMT+0900 (GMT+09:00)] Requested by ::ffff:10.0.2.2
[Mon Nov 09 2020 17:37:22 GMT+0900 (GMT+09:00)] Requested by ::ffff:10.0.2.2
[Mon Nov 09 2020 17:43:15 GMT+0900 (GMT+09:00)] Listening on 8000
